03.12.2020 09:09:11	| INFO  |	asfasfas
03.12.2020 09:09:11	| INFO  |	----MESSAGE----
asfasfas
sfasfas
sfafsawfasfas
sdfaw
03.12.2020 09:09:11	| INFO  |	4824 342112
03.12.2020 09:09:11	| INFO  |	sfasfas
03.12.2020 09:09:11	| INFO  |	sfas123332
03.12.2020 09:09:11	| INFO  |	
03.12.2020 09:09:11	| INFO  |	sfas123332
03.12.2020 09:09:11	| INFO  |	
03.12.2020 09:09:11	| FATAL |	Test sfas, 15
03.12.2020 09:16:48	| INFO  |	asfasfas
03.12.2020 09:16:48	| INFO  |	sfas123332
03.12.2020 09:16:48	| INFO  |	sfas123332
03.12.2020 09:16:48	| INFO  |	----MESSAGE----
asfasfas
sfasfas
sfafsawfasfas
sdfaw
03.12.2020 09:16:48	| INFO  |	4824 342112
03.12.2020 09:16:48	| INFO  |	sfasfas
03.12.2020 09:16:48	| INFO  |	
03.12.2020 09:16:48	| INFO  |	sfas123332
03.12.2020 09:16:48	| INFO  |	
03.12.2020 09:16:48	| ERROR |	sfasfasf
